<?xml version="1.0" encoding="UTF-8"?>
<!-- Generated by org.testng.reporters.JUnitXMLReporter -->
<testsuite hostname="Noah" ignored="0" name="Test" tests="3" failures="0" timestamp="2021-04-22T19:33:52 IST" time="256.344" errors="0">
  <testcase name="homePageNavigation" time="44.189" classname="Academy.HomePageTest"/>
  <testcase name="homePageNavigation" time="20.309" classname="Academy.HomePageTest"/>
  <testcase name="ValidateText" time="0.142" classname="Academy.ValidateTextTest"/>
</testsuite> <!-- Test -->
