<?xml version="1.0" encoding="UTF-8"?>
<!-- Generated by org.testng.reporters.JUnitXMLReporter -->
<testsuite hostname="Noah" ignored="0" name="Test" tests="3" failures="0" timestamp="2021-04-22T22:24:47 IST" time="206.282" errors="0">
  <testcase name="homePageNavigation" time="93.809" classname="Academy.HomePageTest"/>
  <testcase name="homePageNavigation" time="15.106" classname="Academy.HomePageTest"/>
  <testcase name="ValidateText" time="0.414" classname="Academy.ValidateTextTest"/>
</testsuite> <!-- Test -->
