<?xml version="1.0" encoding="UTF-8"?>
<testng-results skipped="0" failed="1" ignored="0" total="3" passed="2">
  <reporter-output>
  </reporter-output>
  <suite name="Suite" duration-ms="524905" started-at="2021-04-30T17:04:37 IST" finished-at="2021-04-30T17:13:21 IST">
    <groups>
    </groups>
    <test name="Login Test" duration-ms="439537" started-at="2021-04-30T17:04:37 IST" finished-at="2021-04-30T17:11:56 IST">
      <class name="Academy.HomePageTest">
        <test-method status="PASS" signature="initailiseBrowser()[pri:0, instance:Academy.HomePageTest@333d4a8c]" name="initailiseBrowser" is-config="true" duration-ms="48839" started-at="2021-04-30T17:04:37 IST" finished-at="2021-04-30T17:05:25 IST">
          <reporter-output>
          </reporter-output>
        </test-method> <!-- initailiseBrowser -->
        <test-method status="PASS" signature="homePageNavigation(java.lang.String, java.lang.String)[pri:0, instance:Academy.HomePageTest@333d4a8c]" name="homePageNavigation" duration-ms="29439" started-at="2021-04-30T17:05:25 IST" data-provider="getData" finished-at="2021-04-30T17:05:55 IST">
          <params>
            <param index="0">
              <value>
                <![CDATA[abc@gmail.com]]>
              </value>
            </param>
            <param index="1">
              <value>
                <![CDATA[123445]]>
              </value>
            </param>
          </params>
          <reporter-output>
          </reporter-output>
        </test-method> <!-- homePageNavigation -->
        <test-method status="FAIL" signature="homePageNavigation(java.lang.String, java.lang.String)[pri:0, instance:Academy.HomePageTest@333d4a8c]" name="homePageNavigation" duration-ms="300136" started-at="2021-04-30T17:05:55 IST" data-provider="getData" finished-at="2021-04-30T17:10:55 IST">
          <params>
            <param index="0">
              <value>
                <![CDATA[priya0903bisht@gmail.com]]>
              </value>
            </param>
            <param index="1">
              <value>
                <![CDATA[23456677]]>
              </value>
            </param>
          </params>
          <exception class="org.openqa.selenium.TimeoutException">
            <message>
              <![CDATA[timeout: Timed out receiving message from renderer: 299.568
  (Session info: chrome=90.0.4430.93)
Build info: version: '3.141.59', revision: 'e82be7d358', time: '2018-11-14T08:17:03'
System info: host: 'NOAH', ip: '192.168.179.31', os.name: 'Windows 8.1', os.arch: 'amd64', os.version: '6.3', java.version: '1.8.0_291'
Driver info: org.openqa.selenium.chrome.ChromeDriver
Capabilities {acceptInsecureCerts: false, browserName: chrome, browserVersion: 90.0.4430.93, chrome: {chromedriverVersion: 89.0.4389.23 (61b08ee2c5002..., userDataDir: C:\Users\Admin\AppData\Loca...}, goog:chromeOptions: {debuggerAddress: localhost:51803}, javascriptEnabled: true, networkConnectionEnabled: false, pageLoadStrategy: normal, platform: WINDOWS, platformName: WINDOWS, proxy: Proxy(), setWindowRect: true, strictFileInteractability: false, timeouts: {implicit: 0, pageLoad: 300000, script: 30000}, unhandledPromptBehavior: dismiss and notify, webauthn:extension:largeBlob: true, webauthn:virtualAuthenticators: true}
Session ID: 8641f7d5bd8895b869b61b247a8a71bc]]>
            </message>
            <full-stacktrace>
              <![CDATA[org.openqa.selenium.TimeoutException: timeout: Timed out receiving message from renderer: 299.568
  (Session info: chrome=90.0.4430.93)
Build info: version: '3.141.59', revision: 'e82be7d358', time: '2018-11-14T08:17:03'
System info: host: 'NOAH', ip: '192.168.179.31', os.name: 'Windows 8.1', os.arch: 'amd64', os.version: '6.3', java.version: '1.8.0_291'
Driver info: org.openqa.selenium.chrome.ChromeDriver
Capabilities {acceptInsecureCerts: false, browserName: chrome, browserVersion: 90.0.4430.93, chrome: {chromedriverVersion: 89.0.4389.23 (61b08ee2c5002..., userDataDir: C:\Users\Admin\AppData\Loca...}, goog:chromeOptions: {debuggerAddress: localhost:51803}, javascriptEnabled: true, networkConnectionEnabled: false, pageLoadStrategy: normal, platform: WINDOWS, platformName: WINDOWS, proxy: Proxy(), setWindowRect: true, strictFileInteractability: false, timeouts: {implicit: 0, pageLoad: 300000, script: 30000}, unhandledPromptBehavior: dismiss and notify, webauthn:extension:largeBlob: true, webauthn:virtualAuthenticators: true}
Session ID: 8641f7d5bd8895b869b61b247a8a71bc
at sun.reflect.NativeConstructorAccessorImpl.newInstance0(Native Method)
at sun.reflect.NativeConstructorAccessorImpl.newInstance(Unknown Source)
at sun.reflect.DelegatingConstructorAccessorImpl.newInstance(Unknown Source)
at java.lang.reflect.Constructor.newInstance(Unknown Source)
at org.openqa.selenium.remote.http.W3CHttpResponseCodec.createException(W3CHttpResponseCodec.java:187)
at org.openqa.selenium.remote.http.W3CHttpResponseCodec.decode(W3CHttpResponseCodec.java:122)
at org.openqa.selenium.remote.http.W3CHttpResponseCodec.decode(W3CHttpResponseCodec.java:49)
at org.openqa.selenium.remote.HttpCommandExecutor.execute(HttpCommandExecutor.java:158)
at org.openqa.selenium.remote.service.DriverCommandExecutor.execute(DriverCommandExecutor.java:83)
at org.openqa.selenium.remote.RemoteWebDriver.execute(RemoteWebDriver.java:552)
at org.openqa.selenium.remote.RemoteWebDriver.get(RemoteWebDriver.java:277)
at Academy.HomePageTest.homePageNavigation(HomePageTest.java:35)
at sun.reflect.NativeMethodAccessorImpl.invoke0(Native Method)
at sun.reflect.NativeMethodAccessorImpl.invoke(Unknown Source)
at sun.reflect.DelegatingMethodAccessorImpl.invoke(Unknown Source)
at java.lang.reflect.Method.invoke(Unknown Source)
at org.testng.internal.MethodInvocationHelper.invokeMethod(MethodInvocationHelper.java:135)
at org.testng.internal.TestInvoker.invokeMethod(TestInvoker.java:598)
at org.testng.internal.TestInvoker.invokeTestMethod(TestInvoker.java:174)
at org.testng.internal.MethodRunner.runInSequence(MethodRunner.java:46)
at org.testng.internal.TestInvoker$MethodInvocationAgent.invoke(TestInvoker.java:821)
at org.testng.internal.TestInvoker.invokeTestMethods(TestInvoker.java:147)
at org.testng.internal.TestMethodWorker.invokeTestMethods(TestMethodWorker.java:146)
at org.testng.internal.TestMethodWorker.run(TestMethodWorker.java:128)
at java.util.ArrayList.forEach(Unknown Source)
at org.testng.TestRunner.privateRun(TestRunner.java:767)
at org.testng.TestRunner.run(TestRunner.java:588)
at org.testng.SuiteRunner.runTest(SuiteRunner.java:384)
at org.testng.SuiteRunner.runSequentially(SuiteRunner.java:378)
at org.testng.SuiteRunner.privateRun(SuiteRunner.java:337)
at org.testng.SuiteRunner.run(SuiteRunner.java:286)
at org.testng.SuiteRunnerWorker.runSuite(SuiteRunnerWorker.java:53)
at org.testng.SuiteRunnerWorker.run(SuiteRunnerWorker.java:96)
at org.testng.TestNG.runSuitesSequentially(TestNG.java:1214)
at org.testng.TestNG.runSuitesLocally(TestNG.java:1136)
at org.testng.TestNG.runSuites(TestNG.java:1066)
at org.testng.TestNG.run(TestNG.java:1034)
at org.testng.remote.AbstractRemoteTestNG.run(AbstractRemoteTestNG.java:115)
at org.testng.remote.RemoteTestNG.initAndRun(RemoteTestNG.java:251)
at org.testng.remote.RemoteTestNG.main(RemoteTestNG.java:77)
]]>
            </full-stacktrace>
          </exception> <!-- org.openqa.selenium.TimeoutException -->
          <reporter-output>
          </reporter-output>
        </test-method> <!-- homePageNavigation -->
        <test-method status="PASS" signature="closeBrowser()[pri:0, instance:Academy.HomePageTest@333d4a8c]" name="closeBrowser" is-config="true" duration-ms="59604" started-at="2021-04-30T17:10:56 IST" finished-at="2021-04-30T17:11:56 IST">
          <reporter-output>
          </reporter-output>
        </test-method> <!-- closeBrowser -->
      </class> <!-- Academy.HomePageTest -->
    </test> <!-- Login Test -->
    <test name="Validate Test" duration-ms="80098" started-at="2021-04-30T17:12:01 IST" finished-at="2021-04-30T17:13:21 IST">
      <class name="Academy.ValidateTextTest">
        <test-method status="PASS" signature="initailiseBrowser()[pri:0, instance:Academy.ValidateTextTest@47caedad]" name="initailiseBrowser" is-config="true" duration-ms="75814" started-at="2021-04-30T17:12:01 IST" finished-at="2021-04-30T17:13:17 IST">
          <reporter-output>
          </reporter-output>
        </test-method> <!-- initailiseBrowser -->
        <test-method status="PASS" signature="ValidateText()[pri:0, instance:Academy.ValidateTextTest@47caedad]" name="ValidateText" duration-ms="1650" started-at="2021-04-30T17:13:17 IST" finished-at="2021-04-30T17:13:19 IST">
          <reporter-output>
          </reporter-output>
        </test-method> <!-- ValidateText -->
        <test-method status="PASS" signature="closeBrowser()[pri:0, instance:Academy.ValidateTextTest@47caedad]" name="closeBrowser" is-config="true" duration-ms="2627" started-at="2021-04-30T17:13:19 IST" finished-at="2021-04-30T17:13:21 IST">
          <reporter-output>
          </reporter-output>
        </test-method> <!-- closeBrowser -->
      </class> <!-- Academy.ValidateTextTest -->
    </test> <!-- Validate Test -->
  </suite> <!-- Suite -->
</testng-results>
